Copyright 1986-2020 Xilinx, Inc. All Rights Reserved.
------------------------------------------------------------------------------------
| Tool Version : Vivado v.2020.2 (lin64) Build 3064766 Wed Nov 18 09:12:47 MST 2020
| Date         : Wed Jun 16 19:38:24 2021
| Host         : varun-UX430UNR running 64-bit Ubuntu 20.04.2 LTS
| Command      : upgrade_ip
| Device       : xc7z020clg400-1
------------------------------------------------------------------------------------

Upgrade Log for IP 'design_1_vm_ws2812_control_12_0_0'

1. Summary
----------

SUCCESS in the upgrade of design_1_vm_ws2812_control_12_0_0 (user.org:user:vm_ws2812_control_12led:1.0) from (Rev. 5) to (Rev. 6)






Copyright 1986-2020 Xilinx, Inc. All Rights Reserved.
------------------------------------------------------------------------------------
| Tool Version : Vivado v.2020.2 (lin64) Build 3064766 Wed Nov 18 09:12:47 MST 2020
| Date         : Wed Jun 16 12:46:14 2021
| Host         : varun-UX430UNR running 64-bit Ubuntu 20.04.2 LTS
| Command      : upgrade_ip
| Device       : xc7z020clg400-1
------------------------------------------------------------------------------------

Upgrade Log for IP 'design_1_vm_ws2812_control_12_0_0'

1. Summary
----------

SUCCESS in the upgrade of design_1_vm_ws2812_control_12_0_0 (user.org:user:vm_ws2812_control_12led:1.0) from (Rev. 4) to (Rev. 5)

