Copyright 1986-2020 Xilinx, Inc. All Rights Reserved.
---------------------------------------------------------------------------------------------
| Tool Version : Vivado v.2020.2 (lin64) Build 3064766 Wed Nov 18 09:12:47 MST 2020
| Date         : Wed Jun 16 19:43:02 2021
| Host         : varun-UX430UNR running 64-bit Ubuntu 20.04.2 LTS
| Command      : report_control_sets -verbose -file design_1_wrapper_control_sets_placed.rpt
| Design       : design_1_wrapper
| Device       : xc7z020
---------------------------------------------------------------------------------------------

Control Set Information

Table of Contents
-----------------
1. Summary
2. Histogram
3. Flip-Flop Distribution
4. Detailed Control Set Information

1. Summary
----------

+----------------------------------------------------------+-------+
|                          Status                          | Count |
+----------------------------------------------------------+-------+
| Total control sets                                       |    85 |
|    Minimum number of control sets                        |    85 |
|    Addition due to synthesis replication                 |     0 |
|    Addition due to physical synthesis replication        |     0 |
| Unused register locations in slices containing registers |    92 |
+----------------------------------------------------------+-------+
* Control sets can be merged at opt_design using control_set_merge or merge_equivalent_drivers
** Run report_qor_suggestions for automated merging and remapping suggestions


2. Histogram
------------

+--------------------+-------+
|       Fanout       | Count |
+--------------------+-------+
| Total control sets |    85 |
| >= 0 to < 4        |     2 |
| >= 4 to < 6        |    10 |
| >= 6 to < 8        |     1 |
| >= 8 to < 10       |    55 |
| >= 10 to < 12      |     1 |
| >= 12 to < 14      |     1 |
| >= 14 to < 16      |     2 |
| >= 16              |    13 |
+--------------------+-------+
* Control sets can be remapped at either synth_design or opt_design


3. Flip-Flop Distribution
-------------------------

+--------------+-----------------------+------------------------+-----------------+--------------+
| Clock Enable | Synchronous Set/Reset | Asynchronous Set/Reset | Total Registers | Total Slices |
+--------------+-----------------------+------------------------+-----------------+--------------+
| No           | No                    | No                     |             109 |           29 |
| No           | No                    | Yes                    |               0 |            0 |
| No           | Yes                   | No                     |              30 |           11 |
| Yes          | No                    | No                     |             299 |           67 |
| Yes          | No                    | Yes                    |               0 |            0 |
| Yes          | Yes                   | No                     |             502 |          166 |
+--------------+-----------------------+------------------------+-----------------+--------------+


4. Detailed Control Set Information
-----------------------------------

+-------------------------------------------------+----------------------------------------------------------------------------------------------------------------------------------------------------------------+-------------------------------------------------------------------------------------------------------------------------------------------------------+------------------+----------------+--------------+
|                   Clock Signal                  |                                                                          Enable Signal                                                                         |                                                                    Set/Reset Signal                                                                   | Slice Load Count | Bel Load Count | Bels / Slice |
+-------------------------------------------------+----------------------------------------------------------------------------------------------------------------------------------------------------------------+-------------------------------------------------------------------------------------------------------------------------------------------------------+------------------+----------------+--------------+
|  design_1_i/processing_system7_0/inst/FCLK_CLK0 | design_1_i/ps7_0_axi_periph/s00_couplers/auto_pc/inst/gen_axilite.gen_b2s_conv.axilite_b2s/WR.aw_channel_0/aw_cmd_fsm_0/FSM_sequential_state_reg[0]_1          | design_1_i/ps7_0_axi_periph/s00_couplers/auto_pc/inst/gen_axilite.gen_b2s_conv.axilite_b2s/WR.aw_channel_0/aw_cmd_fsm_0/FSM_sequential_state_reg[0]_0 |                1 |              1 |         1.00 |
|  design_1_i/processing_system7_0/inst/FCLK_CLK0 | design_1_i/ps7_0_axi_periph/s00_couplers/auto_pc/inst/gen_axilite.gen_b2s_conv.axilite_b2s/WR.b_channel_0/bid_fifo_0/sel                                       |                                                                                                                                                       |                1 |              2 |         2.00 |
|  design_1_i/processing_system7_0/inst/FCLK_CLK0 |                                                                                                                                                                | design_1_i/ps7_0_axi_periph/s00_couplers/auto_pc/inst/gen_axilite.gen_b2s_conv.axilite_b2s/SI_REG/aw.aw_pipe/aresetn_d_reg[0]_0                       |                1 |              4 |         4.00 |
|  design_1_i/processing_system7_0/inst/FCLK_CLK0 |                                                                                                                                                                | design_1_i/ps7_0_axi_periph/s00_couplers/auto_pc/inst/gen_axilite.gen_b2s_conv.axilite_b2s/SI_REG/ar.ar_pipe/aresetn_d_reg[1]_inv_0                   |                1 |              4 |         4.00 |
|  design_1_i/processing_system7_0/inst/FCLK_CLK0 |                                                                                                                                                                | design_1_i/rst_ps7_0_100M/U0/EXT_LPF/lpf_int                                                                                                          |                1 |              4 |         4.00 |
|  design_1_i/processing_system7_0/inst/FCLK_CLK0 | design_1_i/vm_ws2812_control_12_0/inst/vm_ws2812_control_12led_v1_0_S00_AXI_inst/driver/dcount[3]_i_1_n_0                                                      | design_1_i/vm_ws2812_control_12_0/inst/vm_ws2812_control_12led_v1_0_S00_AXI_inst/driver/SR[0]                                                         |                1 |              4 |         4.00 |
|  design_1_i/processing_system7_0/inst/FCLK_CLK0 | design_1_i/vm_ws2812_control_12_0/inst/vm_ws2812_control_12led_v1_0_S00_AXI_inst/axi_awready0                                                                  | design_1_i/vm_ws2812_control_12_0/inst/vm_ws2812_control_12led_v1_0_S00_AXI_inst/driver/SR[0]                                                         |                1 |              4 |         4.00 |
|  design_1_i/processing_system7_0/inst/FCLK_CLK0 | design_1_i/vm_ws2812_control_12_0/inst/vm_ws2812_control_12led_v1_0_S00_AXI_inst/axi_arready0                                                                  | design_1_i/vm_ws2812_control_12_0/inst/vm_ws2812_control_12led_v1_0_S00_AXI_inst/driver/SR[0]                                                         |                2 |              4 |         2.00 |
|  design_1_i/processing_system7_0/inst/FCLK_CLK0 | design_1_i/ps7_0_axi_periph/s00_couplers/auto_pc/inst/gen_axilite.gen_b2s_conv.axilite_b2s/RD.ar_channel_0/ar_cmd_fsm_0/m_axi_arready_2                        | design_1_i/ps7_0_axi_periph/s00_couplers/auto_pc/inst/gen_axilite.gen_b2s_conv.axilite_b2s/RD.ar_channel_0/ar_cmd_fsm_0/FSM_sequential_state_reg[1]_0 |                2 |              4 |         2.00 |
|  design_1_i/processing_system7_0/inst/FCLK_CLK0 | design_1_i/ps7_0_axi_periph/s00_couplers/auto_pc/inst/gen_axilite.gen_b2s_conv.axilite_b2s/RD.r_channel_0/transaction_fifo_0/cnt_read[4]_i_1_n_0               | design_1_i/ps7_0_axi_periph/s00_couplers/auto_pc/inst/gen_axilite.gen_b2s_conv.axilite_b2s/areset_d1                                                  |                3 |              5 |         1.67 |
|  design_1_i/processing_system7_0/inst/FCLK_CLK0 | design_1_i/ps7_0_axi_periph/s00_couplers/auto_pc/inst/gen_axilite.gen_b2s_conv.axilite_b2s/RD.r_channel_0/rd_data_fifo_0/cnt_read[4]_i_1__0_n_0                | design_1_i/ps7_0_axi_periph/s00_couplers/auto_pc/inst/gen_axilite.gen_b2s_conv.axilite_b2s/areset_d1                                                  |                1 |              5 |         5.00 |
|  design_1_i/processing_system7_0/inst/FCLK_CLK0 | design_1_i/vm_ws2812_control_12_0/inst/vm_ws2812_control_12led_v1_0_S00_AXI_inst/driver/i[4]_i_1_n_0                                                           | design_1_i/vm_ws2812_control_12_0/inst/vm_ws2812_control_12led_v1_0_S00_AXI_inst/driver/SR[0]                                                         |                2 |              5 |         2.50 |
|  design_1_i/processing_system7_0/inst/FCLK_CLK0 | design_1_i/rst_ps7_0_100M/U0/SEQ/seq_cnt_en                                                                                                                    | design_1_i/rst_ps7_0_100M/U0/SEQ/SEQ_COUNTER/clear                                                                                                    |                1 |              6 |         6.00 |
|  design_1_i/processing_system7_0/inst/FCLK_CLK0 | design_1_i/vm_ws2812_control_12_0/inst/vm_ws2812_control_12led_v1_0_S00_AXI_inst/slv_reg1[31]_i_1_n_0                                                          | design_1_i/vm_ws2812_control_12_0/inst/vm_ws2812_control_12led_v1_0_S00_AXI_inst/driver/SR[0]                                                         |                2 |              8 |         4.00 |
|  design_1_i/processing_system7_0/inst/FCLK_CLK0 | design_1_i/vm_ws2812_control_12_0/inst/vm_ws2812_control_12led_v1_0_S00_AXI_inst/slv_reg6[15]_i_1_n_0                                                          | design_1_i/vm_ws2812_control_12_0/inst/vm_ws2812_control_12led_v1_0_S00_AXI_inst/driver/SR[0]                                                         |                4 |              8 |         2.00 |
|  design_1_i/processing_system7_0/inst/FCLK_CLK0 | design_1_i/vm_ws2812_control_12_0/inst/vm_ws2812_control_12led_v1_0_S00_AXI_inst/slv_reg3[15]_i_1_n_0                                                          | design_1_i/vm_ws2812_control_12_0/inst/vm_ws2812_control_12led_v1_0_S00_AXI_inst/driver/SR[0]                                                         |                2 |              8 |         4.00 |
|  design_1_i/processing_system7_0/inst/FCLK_CLK0 | design_1_i/vm_ws2812_control_12_0/inst/vm_ws2812_control_12led_v1_0_S00_AXI_inst/slv_reg5[23]_i_1_n_0                                                          | design_1_i/vm_ws2812_control_12_0/inst/vm_ws2812_control_12led_v1_0_S00_AXI_inst/driver/SR[0]                                                         |                2 |              8 |         4.00 |
|  design_1_i/processing_system7_0/inst/FCLK_CLK0 | design_1_i/vm_ws2812_control_12_0/inst/vm_ws2812_control_12led_v1_0_S00_AXI_inst/slv_reg1[23]_i_1_n_0                                                          | design_1_i/vm_ws2812_control_12_0/inst/vm_ws2812_control_12led_v1_0_S00_AXI_inst/driver/SR[0]                                                         |                3 |              8 |         2.67 |
|  design_1_i/processing_system7_0/inst/FCLK_CLK0 | design_1_i/vm_ws2812_control_12_0/inst/vm_ws2812_control_12led_v1_0_S00_AXI_inst/slv_reg2[23]_i_1_n_0                                                          | design_1_i/vm_ws2812_control_12_0/inst/vm_ws2812_control_12led_v1_0_S00_AXI_inst/driver/SR[0]                                                         |                2 |              8 |         4.00 |
|  design_1_i/processing_system7_0/inst/FCLK_CLK0 | design_1_i/vm_ws2812_control_12_0/inst/vm_ws2812_control_12led_v1_0_S00_AXI_inst/slv_reg6[31]_i_1_n_0                                                          | design_1_i/vm_ws2812_control_12_0/inst/vm_ws2812_control_12led_v1_0_S00_AXI_inst/driver/SR[0]                                                         |                2 |              8 |         4.00 |
|  design_1_i/processing_system7_0/inst/FCLK_CLK0 | design_1_i/vm_ws2812_control_12_0/inst/vm_ws2812_control_12led_v1_0_S00_AXI_inst/slv_reg8[31]_i_1_n_0                                                          | design_1_i/vm_ws2812_control_12_0/inst/vm_ws2812_control_12led_v1_0_S00_AXI_inst/driver/SR[0]                                                         |                3 |              8 |         2.67 |
|  design_1_i/processing_system7_0/inst/FCLK_CLK0 | design_1_i/vm_ws2812_control_12_0/inst/vm_ws2812_control_12led_v1_0_S00_AXI_inst/slv_reg9[7]_i_1_n_0                                                           | design_1_i/vm_ws2812_control_12_0/inst/vm_ws2812_control_12led_v1_0_S00_AXI_inst/driver/SR[0]                                                         |                1 |              8 |         8.00 |
|  design_1_i/processing_system7_0/inst/FCLK_CLK0 | design_1_i/vm_ws2812_control_12_0/inst/vm_ws2812_control_12led_v1_0_S00_AXI_inst/slv_reg9[23]_i_1_n_0                                                          | design_1_i/vm_ws2812_control_12_0/inst/vm_ws2812_control_12led_v1_0_S00_AXI_inst/driver/SR[0]                                                         |                4 |              8 |         2.00 |
|  design_1_i/processing_system7_0/inst/FCLK_CLK0 | design_1_i/vm_ws2812_control_12_0/inst/vm_ws2812_control_12led_v1_0_S00_AXI_inst/slv_reg6[7]_i_1_n_0                                                           | design_1_i/vm_ws2812_control_12_0/inst/vm_ws2812_control_12led_v1_0_S00_AXI_inst/driver/SR[0]                                                         |                3 |              8 |         2.67 |
|  design_1_i/processing_system7_0/inst/FCLK_CLK0 | design_1_i/vm_ws2812_control_12_0/inst/vm_ws2812_control_12led_v1_0_S00_AXI_inst/p_1_in[16]                                                                    | design_1_i/vm_ws2812_control_12_0/inst/vm_ws2812_control_12led_v1_0_S00_AXI_inst/driver/SR[0]                                                         |                1 |              8 |         8.00 |
|  design_1_i/processing_system7_0/inst/FCLK_CLK0 | design_1_i/vm_ws2812_control_12_0/inst/vm_ws2812_control_12led_v1_0_S00_AXI_inst/slv_reg10[31]_i_1_n_0                                                         | design_1_i/vm_ws2812_control_12_0/inst/vm_ws2812_control_12led_v1_0_S00_AXI_inst/driver/SR[0]                                                         |                2 |              8 |         4.00 |
|  design_1_i/processing_system7_0/inst/FCLK_CLK0 | design_1_i/vm_ws2812_control_12_0/inst/vm_ws2812_control_12led_v1_0_S00_AXI_inst/slv_reg7[23]_i_1_n_0                                                          | design_1_i/vm_ws2812_control_12_0/inst/vm_ws2812_control_12led_v1_0_S00_AXI_inst/driver/SR[0]                                                         |                5 |              8 |         1.60 |
|  design_1_i/processing_system7_0/inst/FCLK_CLK0 | design_1_i/vm_ws2812_control_12_0/inst/vm_ws2812_control_12led_v1_0_S00_AXI_inst/slv_reg9[15]_i_1_n_0                                                          | design_1_i/vm_ws2812_control_12_0/inst/vm_ws2812_control_12led_v1_0_S00_AXI_inst/driver/SR[0]                                                         |                1 |              8 |         8.00 |
|  design_1_i/processing_system7_0/inst/FCLK_CLK0 | design_1_i/ps7_0_axi_periph/s00_couplers/auto_pc/inst/gen_axilite.gen_b2s_conv.axilite_b2s/WR.aw_channel_0/cmd_translator_0/incr_cmd_0/axaddr_incr[11]_i_1_n_0 |                                                                                                                                                       |                2 |              8 |         4.00 |
|  design_1_i/processing_system7_0/inst/FCLK_CLK0 | design_1_i/vm_ws2812_control_12_0/inst/vm_ws2812_control_12led_v1_0_S00_AXI_inst/slv_reg1[15]_i_1_n_0                                                          | design_1_i/vm_ws2812_control_12_0/inst/vm_ws2812_control_12led_v1_0_S00_AXI_inst/driver/SR[0]                                                         |                2 |              8 |         4.00 |
|  design_1_i/processing_system7_0/inst/FCLK_CLK0 | design_1_i/vm_ws2812_control_12_0/inst/vm_ws2812_control_12led_v1_0_S00_AXI_inst/slv_reg1[7]_i_1_n_0                                                           | design_1_i/vm_ws2812_control_12_0/inst/vm_ws2812_control_12led_v1_0_S00_AXI_inst/driver/SR[0]                                                         |                2 |              8 |         4.00 |
|  design_1_i/processing_system7_0/inst/FCLK_CLK0 | design_1_i/ps7_0_axi_periph/s00_couplers/auto_pc/inst/gen_axilite.gen_b2s_conv.axilite_b2s/WR.aw_channel_0/aw_cmd_fsm_0/m_valid_i_reg[0]                       |                                                                                                                                                       |                4 |              8 |         2.00 |
|  design_1_i/processing_system7_0/inst/FCLK_CLK0 | design_1_i/ps7_0_axi_periph/s00_couplers/auto_pc/inst/gen_axilite.gen_b2s_conv.axilite_b2s/WR.b_channel_0/mhandshake_r                                         | design_1_i/ps7_0_axi_periph/s00_couplers/auto_pc/inst/gen_axilite.gen_b2s_conv.axilite_b2s/WR.b_channel_0/bid_fifo_0/SR[0]                            |                4 |              8 |         2.00 |
|  design_1_i/processing_system7_0/inst/FCLK_CLK0 | design_1_i/vm_ws2812_control_12_0/inst/vm_ws2812_control_12led_v1_0_S00_AXI_inst/slv_reg8[15]_i_1_n_0                                                          | design_1_i/vm_ws2812_control_12_0/inst/vm_ws2812_control_12led_v1_0_S00_AXI_inst/driver/SR[0]                                                         |                1 |              8 |         8.00 |
|  design_1_i/processing_system7_0/inst/FCLK_CLK0 | design_1_i/vm_ws2812_control_12_0/inst/vm_ws2812_control_12led_v1_0_S00_AXI_inst/slv_reg3[31]_i_1_n_0                                                          | design_1_i/vm_ws2812_control_12_0/inst/vm_ws2812_control_12led_v1_0_S00_AXI_inst/driver/SR[0]                                                         |                3 |              8 |         2.67 |
|  design_1_i/processing_system7_0/inst/FCLK_CLK0 | design_1_i/vm_ws2812_control_12_0/inst/vm_ws2812_control_12led_v1_0_S00_AXI_inst/slv_reg7[7]_i_1_n_0                                                           | design_1_i/vm_ws2812_control_12_0/inst/vm_ws2812_control_12led_v1_0_S00_AXI_inst/driver/SR[0]                                                         |                5 |              8 |         1.60 |
|  design_1_i/processing_system7_0/inst/FCLK_CLK0 | design_1_i/vm_ws2812_control_12_0/inst/vm_ws2812_control_12led_v1_0_S00_AXI_inst/slv_reg11[31]_i_1_n_0                                                         | design_1_i/vm_ws2812_control_12_0/inst/vm_ws2812_control_12led_v1_0_S00_AXI_inst/driver/SR[0]                                                         |                1 |              8 |         8.00 |
|  design_1_i/processing_system7_0/inst/FCLK_CLK0 | design_1_i/vm_ws2812_control_12_0/inst/vm_ws2812_control_12led_v1_0_S00_AXI_inst/slv_reg8[23]_i_1_n_0                                                          | design_1_i/vm_ws2812_control_12_0/inst/vm_ws2812_control_12led_v1_0_S00_AXI_inst/driver/SR[0]                                                         |                2 |              8 |         4.00 |
|  design_1_i/processing_system7_0/inst/FCLK_CLK0 | design_1_i/vm_ws2812_control_12_0/inst/vm_ws2812_control_12led_v1_0_S00_AXI_inst/slv_reg5[15]_i_1_n_0                                                          | design_1_i/vm_ws2812_control_12_0/inst/vm_ws2812_control_12led_v1_0_S00_AXI_inst/driver/SR[0]                                                         |                4 |              8 |         2.00 |
|  design_1_i/processing_system7_0/inst/FCLK_CLK0 | design_1_i/ps7_0_axi_periph/s00_couplers/auto_pc/inst/gen_axilite.gen_b2s_conv.axilite_b2s/RD.ar_channel_0/ar_cmd_fsm_0/E[0]                                   |                                                                                                                                                       |                4 |              8 |         2.00 |
|  design_1_i/processing_system7_0/inst/FCLK_CLK0 | design_1_i/vm_ws2812_control_12_0/inst/vm_ws2812_control_12led_v1_0_S00_AXI_inst/slv_reg5[7]_i_1_n_0                                                           | design_1_i/vm_ws2812_control_12_0/inst/vm_ws2812_control_12led_v1_0_S00_AXI_inst/driver/SR[0]                                                         |                4 |              8 |         2.00 |
|  design_1_i/processing_system7_0/inst/FCLK_CLK0 | design_1_i/vm_ws2812_control_12_0/inst/vm_ws2812_control_12led_v1_0_S00_AXI_inst/slv_reg2[15]_i_1_n_0                                                          | design_1_i/vm_ws2812_control_12_0/inst/vm_ws2812_control_12led_v1_0_S00_AXI_inst/driver/SR[0]                                                         |                2 |              8 |         4.00 |
|  design_1_i/processing_system7_0/inst/FCLK_CLK0 | design_1_i/vm_ws2812_control_12_0/inst/vm_ws2812_control_12led_v1_0_S00_AXI_inst/slv_reg11[15]_i_1_n_0                                                         | design_1_i/vm_ws2812_control_12_0/inst/vm_ws2812_control_12led_v1_0_S00_AXI_inst/driver/SR[0]                                                         |                4 |              8 |         2.00 |
|  design_1_i/processing_system7_0/inst/FCLK_CLK0 |                                                                                                                                                                | design_1_i/vm_ws2812_control_12_0/inst/vm_ws2812_control_12led_v1_0_S00_AXI_inst/driver/SR[0]                                                         |                5 |              8 |         1.60 |
|  design_1_i/processing_system7_0/inst/FCLK_CLK0 | design_1_i/vm_ws2812_control_12_0/inst/vm_ws2812_control_12led_v1_0_S00_AXI_inst/slv_reg10[7]_i_1_n_0                                                          | design_1_i/vm_ws2812_control_12_0/inst/vm_ws2812_control_12led_v1_0_S00_AXI_inst/driver/SR[0]                                                         |                2 |              8 |         4.00 |
|  design_1_i/processing_system7_0/inst/FCLK_CLK0 | design_1_i/vm_ws2812_control_12_0/inst/vm_ws2812_control_12led_v1_0_S00_AXI_inst/driver/p_1_in                                                                 | design_1_i/vm_ws2812_control_12_0/inst/vm_ws2812_control_12led_v1_0_S00_AXI_inst/driver/SR[0]                                                         |                3 |              8 |         2.67 |
|  design_1_i/processing_system7_0/inst/FCLK_CLK0 | design_1_i/vm_ws2812_control_12_0/inst/vm_ws2812_control_12led_v1_0_S00_AXI_inst/slv_reg4[31]_i_1_n_0                                                          | design_1_i/vm_ws2812_control_12_0/inst/vm_ws2812_control_12led_v1_0_S00_AXI_inst/driver/SR[0]                                                         |                1 |              8 |         8.00 |
|  design_1_i/processing_system7_0/inst/FCLK_CLK0 | design_1_i/vm_ws2812_control_12_0/inst/vm_ws2812_control_12led_v1_0_S00_AXI_inst/slv_reg10[23]_i_1_n_0                                                         | design_1_i/vm_ws2812_control_12_0/inst/vm_ws2812_control_12led_v1_0_S00_AXI_inst/driver/SR[0]                                                         |                2 |              8 |         4.00 |
|  design_1_i/processing_system7_0/inst/FCLK_CLK0 | design_1_i/vm_ws2812_control_12_0/inst/vm_ws2812_control_12led_v1_0_S00_AXI_inst/slv_reg11[23]_i_1_n_0                                                         | design_1_i/vm_ws2812_control_12_0/inst/vm_ws2812_control_12led_v1_0_S00_AXI_inst/driver/SR[0]                                                         |                4 |              8 |         2.00 |
|  design_1_i/processing_system7_0/inst/FCLK_CLK0 | design_1_i/vm_ws2812_control_12_0/inst/vm_ws2812_control_12led_v1_0_S00_AXI_inst/slv_reg5[31]_i_1_n_0                                                          | design_1_i/vm_ws2812_control_12_0/inst/vm_ws2812_control_12led_v1_0_S00_AXI_inst/driver/SR[0]                                                         |                2 |              8 |         4.00 |
|  design_1_i/processing_system7_0/inst/FCLK_CLK0 | design_1_i/vm_ws2812_control_12_0/inst/vm_ws2812_control_12led_v1_0_S00_AXI_inst/slv_reg7[15]_i_1_n_0                                                          | design_1_i/vm_ws2812_control_12_0/inst/vm_ws2812_control_12led_v1_0_S00_AXI_inst/driver/SR[0]                                                         |                7 |              8 |         1.14 |
|  design_1_i/processing_system7_0/inst/FCLK_CLK0 | design_1_i/vm_ws2812_control_12_0/inst/vm_ws2812_control_12led_v1_0_S00_AXI_inst/slv_reg3[23]_i_1_n_0                                                          | design_1_i/vm_ws2812_control_12_0/inst/vm_ws2812_control_12led_v1_0_S00_AXI_inst/driver/SR[0]                                                         |                3 |              8 |         2.67 |
|  design_1_i/processing_system7_0/inst/FCLK_CLK0 | design_1_i/vm_ws2812_control_12_0/inst/vm_ws2812_control_12led_v1_0_S00_AXI_inst/slv_reg7[31]_i_1_n_0                                                          | design_1_i/vm_ws2812_control_12_0/inst/vm_ws2812_control_12led_v1_0_S00_AXI_inst/driver/SR[0]                                                         |                2 |              8 |         4.00 |
|  design_1_i/processing_system7_0/inst/FCLK_CLK0 | design_1_i/vm_ws2812_control_12_0/inst/vm_ws2812_control_12led_v1_0_S00_AXI_inst/slv_reg2[7]_i_1_n_0                                                           | design_1_i/vm_ws2812_control_12_0/inst/vm_ws2812_control_12led_v1_0_S00_AXI_inst/driver/SR[0]                                                         |                3 |              8 |         2.67 |
|  design_1_i/processing_system7_0/inst/FCLK_CLK0 | design_1_i/vm_ws2812_control_12_0/inst/vm_ws2812_control_12led_v1_0_S00_AXI_inst/p_1_in[31]                                                                    | design_1_i/vm_ws2812_control_12_0/inst/vm_ws2812_control_12led_v1_0_S00_AXI_inst/driver/SR[0]                                                         |                1 |              8 |         8.00 |
|  design_1_i/processing_system7_0/inst/FCLK_CLK0 | design_1_i/vm_ws2812_control_12_0/inst/vm_ws2812_control_12led_v1_0_S00_AXI_inst/slv_reg4[7]_i_1_n_0                                                           | design_1_i/vm_ws2812_control_12_0/inst/vm_ws2812_control_12led_v1_0_S00_AXI_inst/driver/SR[0]                                                         |                2 |              8 |         4.00 |
|  design_1_i/processing_system7_0/inst/FCLK_CLK0 | design_1_i/vm_ws2812_control_12_0/inst/vm_ws2812_control_12led_v1_0_S00_AXI_inst/slv_reg9[31]_i_1_n_0                                                          | design_1_i/vm_ws2812_control_12_0/inst/vm_ws2812_control_12led_v1_0_S00_AXI_inst/driver/SR[0]                                                         |                2 |              8 |         4.00 |
|  design_1_i/processing_system7_0/inst/FCLK_CLK0 | design_1_i/vm_ws2812_control_12_0/inst/vm_ws2812_control_12led_v1_0_S00_AXI_inst/p_1_in[0]                                                                     | design_1_i/vm_ws2812_control_12_0/inst/vm_ws2812_control_12led_v1_0_S00_AXI_inst/driver/SR[0]                                                         |                2 |              8 |         4.00 |
|  design_1_i/processing_system7_0/inst/FCLK_CLK0 | design_1_i/vm_ws2812_control_12_0/inst/vm_ws2812_control_12led_v1_0_S00_AXI_inst/slv_reg4[23]_i_1_n_0                                                          | design_1_i/vm_ws2812_control_12_0/inst/vm_ws2812_control_12led_v1_0_S00_AXI_inst/driver/SR[0]                                                         |                1 |              8 |         8.00 |
|  design_1_i/processing_system7_0/inst/FCLK_CLK0 | design_1_i/vm_ws2812_control_12_0/inst/vm_ws2812_control_12led_v1_0_S00_AXI_inst/slv_reg6[23]_i_1_n_0                                                          | design_1_i/vm_ws2812_control_12_0/inst/vm_ws2812_control_12led_v1_0_S00_AXI_inst/driver/SR[0]                                                         |                3 |              8 |         2.67 |
|  design_1_i/processing_system7_0/inst/FCLK_CLK0 | design_1_i/vm_ws2812_control_12_0/inst/vm_ws2812_control_12led_v1_0_S00_AXI_inst/slv_reg3[7]_i_1_n_0                                                           | design_1_i/vm_ws2812_control_12_0/inst/vm_ws2812_control_12led_v1_0_S00_AXI_inst/driver/SR[0]                                                         |                5 |              8 |         1.60 |
|  design_1_i/processing_system7_0/inst/FCLK_CLK0 | design_1_i/vm_ws2812_control_12_0/inst/vm_ws2812_control_12led_v1_0_S00_AXI_inst/slv_reg10[15]_i_1_n_0                                                         | design_1_i/vm_ws2812_control_12_0/inst/vm_ws2812_control_12led_v1_0_S00_AXI_inst/driver/SR[0]                                                         |                2 |              8 |         4.00 |
|  design_1_i/processing_system7_0/inst/FCLK_CLK0 | design_1_i/vm_ws2812_control_12_0/inst/vm_ws2812_control_12led_v1_0_S00_AXI_inst/slv_reg8[7]_i_1_n_0                                                           | design_1_i/vm_ws2812_control_12_0/inst/vm_ws2812_control_12led_v1_0_S00_AXI_inst/driver/SR[0]                                                         |                1 |              8 |         8.00 |
|  design_1_i/processing_system7_0/inst/FCLK_CLK0 | design_1_i/vm_ws2812_control_12_0/inst/vm_ws2812_control_12led_v1_0_S00_AXI_inst/slv_reg4[15]_i_1_n_0                                                          | design_1_i/vm_ws2812_control_12_0/inst/vm_ws2812_control_12led_v1_0_S00_AXI_inst/driver/SR[0]                                                         |                3 |              8 |         2.67 |
|  design_1_i/processing_system7_0/inst/FCLK_CLK0 | design_1_i/vm_ws2812_control_12_0/inst/vm_ws2812_control_12led_v1_0_S00_AXI_inst/slv_reg2[31]_i_1_n_0                                                          | design_1_i/vm_ws2812_control_12_0/inst/vm_ws2812_control_12led_v1_0_S00_AXI_inst/driver/SR[0]                                                         |                1 |              8 |         8.00 |
|  design_1_i/processing_system7_0/inst/FCLK_CLK0 | design_1_i/vm_ws2812_control_12_0/inst/vm_ws2812_control_12led_v1_0_S00_AXI_inst/slv_reg11[7]_i_1_n_0                                                          | design_1_i/vm_ws2812_control_12_0/inst/vm_ws2812_control_12led_v1_0_S00_AXI_inst/driver/SR[0]                                                         |                2 |              8 |         4.00 |
|  design_1_i/processing_system7_0/inst/FCLK_CLK0 | design_1_i/ps7_0_axi_periph/s00_couplers/auto_pc/inst/gen_axilite.gen_b2s_conv.axilite_b2s/RD.ar_channel_0/ar_cmd_fsm_0/sel_first_reg[0]                       |                                                                                                                                                       |                2 |              8 |         4.00 |
|  design_1_i/processing_system7_0/inst/FCLK_CLK0 | design_1_i/vm_ws2812_control_12_0/inst/vm_ws2812_control_12led_v1_0_S00_AXI_inst/p_1_in[8]                                                                     | design_1_i/vm_ws2812_control_12_0/inst/vm_ws2812_control_12led_v1_0_S00_AXI_inst/driver/SR[0]                                                         |                3 |              8 |         2.67 |
|  design_1_i/processing_system7_0/inst/FCLK_CLK0 |                                                                                                                                                                | design_1_i/ps7_0_axi_periph/s00_couplers/auto_pc/inst/gen_axilite.gen_b2s_conv.axilite_b2s/areset_d1                                                  |                3 |             10 |         3.33 |
|  design_1_i/processing_system7_0/inst/FCLK_CLK0 | design_1_i/ps7_0_axi_periph/s00_couplers/auto_pc/inst/gen_axilite.gen_b2s_conv.axilite_b2s/RD.r_channel_0/r_push_r                                             |                                                                                                                                                       |                4 |             13 |         3.25 |
|  design_1_i/processing_system7_0/inst/FCLK_CLK0 | design_1_i/ps7_0_axi_periph/s00_couplers/auto_pc/inst/gen_axilite.gen_b2s_conv.axilite_b2s/SI_REG/b.b_pipe/p_1_in                                              |                                                                                                                                                       |                3 |             14 |         4.67 |
|  design_1_i/processing_system7_0/inst/FCLK_CLK0 | design_1_i/ps7_0_axi_periph/s00_couplers/auto_pc/inst/gen_axilite.gen_b2s_conv.axilite_b2s/SI_REG/b.b_pipe/s_ready_i_reg_0                                     |                                                                                                                                                       |                4 |             14 |         3.50 |
|  design_1_i/processing_system7_0/inst/FCLK_CLK0 | design_1_i/ps7_0_axi_periph/s00_couplers/auto_pc/inst/gen_axilite.gen_b2s_conv.axilite_b2s/WR.aw_channel_0/aw_cmd_fsm_0/m_axi_awready_0                        |                                                                                                                                                       |                3 |             16 |         5.33 |
|  design_1_i/processing_system7_0/inst/FCLK_CLK0 | design_1_i/ps7_0_axi_periph/s00_couplers/auto_pc/inst/gen_axilite.gen_b2s_conv.axilite_b2s/RD.ar_channel_0/ar_cmd_fsm_0/m_axi_arready_2                        |                                                                                                                                                       |                6 |             17 |         2.83 |
|  design_1_i/processing_system7_0/inst/FCLK_CLK0 | design_1_i/ps7_0_axi_periph/s00_couplers/auto_pc/inst/gen_axilite.gen_b2s_conv.axilite_b2s/WR.aw_channel_0/aw_cmd_fsm_0/FSM_sequential_state_reg[0]_1          |                                                                                                                                                       |                7 |             20 |         2.86 |
|  design_1_i/processing_system7_0/inst/FCLK_CLK0 | design_1_i/ps7_0_axi_periph/s00_couplers/auto_pc/inst/gen_axilite.gen_b2s_conv.axilite_b2s/RD.ar_channel_0/ar_cmd_fsm_0/m_valid_i_reg[0]                       |                                                                                                                                                       |                5 |             28 |         5.60 |
|  design_1_i/processing_system7_0/inst/FCLK_CLK0 | design_1_i/ps7_0_axi_periph/s00_couplers/auto_pc/inst/gen_axilite.gen_b2s_conv.axilite_b2s/WR.aw_channel_0/aw_cmd_fsm_0/E[0]                                   |                                                                                                                                                       |                5 |             28 |         5.60 |
|  design_1_i/processing_system7_0/inst/FCLK_CLK0 | design_1_i/ps7_0_axi_periph/s00_couplers/auto_pc/inst/gen_axilite.gen_b2s_conv.axilite_b2s/SI_REG/aw.aw_pipe/s_ready_i_reg_0                                   |                                                                                                                                                       |                5 |             28 |         5.60 |
|  design_1_i/processing_system7_0/inst/FCLK_CLK0 | design_1_i/ps7_0_axi_periph/s00_couplers/auto_pc/inst/gen_axilite.gen_b2s_conv.axilite_b2s/SI_REG/ar.ar_pipe/s_ready_i_reg_0                                   |                                                                                                                                                       |                6 |             28 |         4.67 |
|  design_1_i/processing_system7_0/inst/FCLK_CLK0 | design_1_i/vm_ws2812_control_12_0/inst/vm_ws2812_control_12led_v1_0_S00_AXI_inst/slv_reg_rden__0                                                               | design_1_i/vm_ws2812_control_12_0/inst/vm_ws2812_control_12led_v1_0_S00_AXI_inst/driver/SR[0]                                                         |               14 |             32 |         2.29 |
|  design_1_i/processing_system7_0/inst/FCLK_CLK0 | design_1_i/ps7_0_axi_periph/s00_couplers/auto_pc/inst/gen_axilite.gen_b2s_conv.axilite_b2s/RD.r_channel_0/rd_data_fifo_0/wr_en0                                |                                                                                                                                                       |                9 |             32 |         3.56 |
|  design_1_i/processing_system7_0/inst/FCLK_CLK0 | design_1_i/vm_ws2812_control_12_0/inst/vm_ws2812_control_12led_v1_0_S00_AXI_inst/driver/E[0]                                                                   | design_1_i/vm_ws2812_control_12_0/inst/vm_ws2812_control_12led_v1_0_S00_AXI_inst/driver/SR[0]                                                         |               10 |             32 |         3.20 |
|  design_1_i/processing_system7_0/inst/FCLK_CLK0 | design_1_i/ps7_0_axi_periph/s00_couplers/auto_pc/inst/gen_axilite.gen_b2s_conv.axilite_b2s/SI_REG/r.r_pipe/p_1_in                                              |                                                                                                                                                       |                7 |             45 |         6.43 |
|  design_1_i/processing_system7_0/inst/FCLK_CLK0 | design_1_i/ps7_0_axi_periph/s00_couplers/auto_pc/inst/gen_axilite.gen_b2s_conv.axilite_b2s/SI_REG/r.r_pipe/s_ready_i_reg_0                                     |                                                                                                                                                       |                7 |             45 |         6.43 |
|  design_1_i/processing_system7_0/inst/FCLK_CLK0 |                                                                                                                                                                |                                                                                                                                                       |               30 |            110 |         3.67 |
+-------------------------------------------------+----------------------------------------------------------------------------------------------------------------------------------------------------------------+-------------------------------------------------------------------------------------------------------------------------------------------------------+------------------+----------------+--------------+


